<?xml version="1.0" encoding="UTF-8"?>
<!-- Generated by org.testng.reporters.JUnitXMLReporter -->
<testsuite ignored="0" hostname="One_Punch" failures="0" tests="21" name="Default test" time="17.984" errors="0" timestamp="2025-06-03T11:01:36 IST">
  <testcase classname="com.iagami.shopperstack.tests.ShopperStackAProfileTest" name="registerForShopper" time="3.216"/>
  <testcase classname="com.iagami.shopperstack.tests.ShopperStackAProfileTest" name="loginForUser" time="0.807"/>
  <testcase classname="com.iagami.shopperstack.tests.ShopperStackAProfileTest" name="getShopperDatabyShopperId" time="0.677"/>
  <testcase classname="com.iagami.shopperstack.tests.ShopperStackAProfileTest" name="updateTheUserDeatils" time="0.641"/>
  <testcase classname="com.iagami.shopperstack.tests.ShopperStackAProfileTest" name="getHomePageProductView" time="2.071"/>
  <testcase classname="com.iagami.shopperstack.tests.ShopperStackAProfileTest" name="getWelcomePageProductView" time="1.778"/>
  <testcase classname="com.iagami.shopperstack.tests.ShopperStackAddressTest" name="addNewAddress" time="0.622"/>
  <testcase classname="com.iagami.shopperstack.tests.ShopperStackAddressTest" name="getAllAddress" time="0.573"/>
  <testcase classname="com.iagami.shopperstack.tests.ShopperStackAddressTest" name="getSingleAddress" time="0.548"/>
  <testcase classname="com.iagami.shopperstack.tests.ShopperStackCartTest" name="addToCart" time="0.601"/>
  <testcase classname="com.iagami.shopperstack.tests.ShopperStackCartTest" name="getAllCart" time="0.54"/>
  <testcase classname="com.iagami.shopperstack.tests.ShopperStackCartTest" name="updateTheAddedCart" time="0.604"/>
  <testcase classname="com.iagami.shopperstack.tests.ShopperStackCartTest" name="deleteCart" time="0.619"/>
  <testcase classname="com.iagami.shopperstack.tests.ShopperStackOrderTest" name="addToCart" time="0.641"/>
  <testcase classname="com.iagami.shopperstack.tests.ShopperStackOrderTest" name="ordertheProductTest" time="0.603"/>
  <testcase classname="com.iagami.shopperstack.tests.ShopperStackOrderTest" name="getOrderHistory" time="0.513"/>
  <testcase classname="com.iagami.shopperstack.tests.ShopperStackOrderTest" name="updateTheOrder" time="0.568"/>
  <testcase classname="com.iagami.shopperstack.tests.ShopperStackOrderTest" name="getInvoice" time="0.545"/>
  <testcase classname="com.iagami.shopperstack.tests.ShopperstackWishListTest" name="addProductToWishList" time="0.589"/>
  <testcase classname="com.iagami.shopperstack.tests.ShopperstackWishListTest" name="getProductToWishList" time="0.567"/>
  <testcase classname="com.iagami.shopperstack.tests.ShopperstackWishListTest" name="deleteProductToWishList" time="0.562"/>
</testsuite> <!-- Default test -->
